<?xml version="1.0" encoding="UTF-8"?>
<!-- Generated by org.testng.reporters.JUnitReportReporter -->
<testsuite hostname="TYSS-Mohammed-Riza-Washiq" failures="0" tests="3" name="com.ninza.hrm.employee.RepeatEmail" time="3.967" errors="0" timestamp="2024-11-15T15:29:53 IST" skipped="0">
  <testcase classname="com.ninza.hrm.employee.RepeatEmail" name="emptyEmail" time="0.037"/>
  <testcase classname="com.ninza.hrm.employee.RepeatEmail" name="addProj" time="2.878"/>
  <testcase classname="com.ninza.hrm.employee.RepeatEmail" name="addEmployee" time="1.052"/>
</testsuite> <!-- com.ninza.hrm.employee.RepeatEmail -->
