<?xml version="1.0" encoding="UTF-8"?>
<!-- Generated by org.testng.reporters.JUnitReportReporter -->
<testsuite hostname="TYSS-Mohammed-Riza-Washiq" failures="0" tests="2" name="com.ninza.hrm.employee.AddEmployee" time="0.234" errors="0" timestamp="2024-11-15T17:34:12 IST" skipped="0">
  <testcase classname="com.ninza.hrm.employee.AddEmployee" name="addEmployee" time="0.187"/>
  <testcase classname="com.ninza.hrm.employee.AddEmployee" name="addProj" time="0.047"/>
</testsuite> <!-- com.ninza.hrm.employee.AddEmployee -->
