<?xml version="1.0" encoding="UTF-8"?>
<!-- Generated by org.testng.reporters.JUnitReportReporter -->
<testsuite hostname="TYSS-Mohammed-Riza-Washiq" failures="0" tests="1" name="com.ninza.hrm.project.AddProject" time="3.112" errors="0" timestamp="2024-11-15T17:34:11 IST" skipped="0">
  <testcase classname="com.ninza.hrm.project.AddProject" name="addProj" time="3.112"/>
</testsuite> <!-- com.ninza.hrm.project.AddProject -->
