<?xml version="1.0" encoding="UTF-8"?>
<!-- Generated by org.testng.reporters.JUnitReportReporter -->
<testsuite hostname="TYSS-Mohammed-Riza-Washiq" failures="0" tests="2" name="com.ninza.hrm.project.AddDuplicateProj" time="0.169" errors="0" timestamp="2024-11-15T17:34:12 IST" skipped="0">
  <testcase classname="com.ninza.hrm.project.AddDuplicateProj" name="addDupProj" time="0.043"/>
  <testcase classname="com.ninza.hrm.project.AddDuplicateProj" name="addProj" time="0.126"/>
</testsuite> <!-- com.ninza.hrm.project.AddDuplicateProj -->
